<?xml version="1.0" encoding="UTF-8"?>
<testng-results ignored="0" total="1" passed="1" failed="0" skipped="0">
  <reporter-output>
  </reporter-output>
  <suite started-at="2026-02-24T15:24:28 IST" name="Default suite" finished-at="2026-02-24T15:24:52 IST" duration-ms="23434">
    <groups>
    </groups>
    <test started-at="2026-02-24T15:24:28 IST" name="Default test" finished-at="2026-02-24T15:24:52 IST" duration-ms="23434">
      <class name="com.daily.test.Daily_test">
        <test-method signature="checkWebsite()[pri:0, instance:com.daily.test.Daily_test@41d477ed]" started-at="2026-02-24T15:24:29 IST" name="checkWebsite" finished-at="2026-02-24T15:24:52 IST" duration-ms="23357" status="PASS">
          <reporter-output>
          </reporter-output>
        </test-method> <!-- checkWebsite -->
      </class> <!-- com.daily.test.Daily_test -->
    </test> <!-- Default test -->
  </suite> <!-- Default suite -->
</testng-results>
